<?xml version="1.0" encoding="UTF-8"?>
<testng-results skipped="0" failed="0" ignored="0" total="1" passed="1">
  <reporter-output>
  </reporter-output>
  <suite name="Default suite" duration-ms="8962" started-at="2018-12-11T10:05:09Z" finished-at="2018-12-11T10:05:18Z">
    <groups>
    </groups>
    <test name="Default test" duration-ms="8962" started-at="2018-12-11T10:05:09Z" finished-at="2018-12-11T10:05:18Z">
      <class name="com.epam.ftm.demo2.chrome.YandexCHR">
        <test-method status="PASS" signature="startBrowser()[pri:0, instance:com.epam.ftm.demo2.chrome.YandexCHR@4c70fda8]" name="startBrowser" is-config="true" duration-ms="2872" started-at="2018-12-11T10:05:09Z" description="Start browser" finished-at="2018-12-11T10:05:12Z">
          <reporter-output>
          </reporter-output>
        </test-method> <!-- startBrowser -->
        <test-method name="addImplicitly" signature="addImplicitly()[pri:0, instance:com.epam.ftm.demo2.chrome.YandexCHR@4c70fda8]" is-config="true" status="PASS" duration-ms="2879" finished-at="2018-12-11T10:05:14Z" started-at="2018-12-11T10:05:12Z" depends-on-methods="com.epam.ftm.demo2.chrome.YandexCHR.startBrowser" description="Add implicite wait and maximize window">
          <reporter-output>
          </reporter-output>
        </test-method> <!-- addImplicitly -->
        <test-method status="PASS" signature="loginToYandex()[pri:0, instance:com.epam.ftm.demo2.chrome.YandexCHR@4c70fda8]" name="loginToYandex" duration-ms="2458" started-at="2018-12-11T10:05:14Z" description="Login to Yandex account" finished-at="2018-12-11T10:05:17Z">
          <reporter-output>
          </reporter-output>
        </test-method> <!-- loginToYandex -->
        <test-method status="PASS" signature="stopBrowser()[pri:0, instance:com.epam.ftm.demo2.chrome.YandexCHR@4c70fda8]" name="stopBrowser" is-config="true" duration-ms="737" started-at="2018-12-11T10:05:17Z" description="Stop Browser" finished-at="2018-12-11T10:05:18Z">
          <reporter-output>
          </reporter-output>
        </test-method> <!-- stopBrowser -->
      </class> <!-- com.epam.ftm.demo2.chrome.YandexCHR -->
    </test> <!-- Default test -->
  </suite> <!-- Default suite -->
</testng-results>
